2025-11-10 02:30:54.787 WARN  com.zaxxer.hikari.pool.HikariPool - RecipeHikariPool - Thread starvation or clock leap detected (housekeeper delta=15m30s842ms).
2025-11-10 02:46:55.693 WARN  com.zaxxer.hikari.pool.HikariPool - RecipeHikariPool - Thread starvation or clock leap detected (housekeeper delta=15m30s263ms).
2025-11-10 03:02:56.699 WARN  com.zaxxer.hikari.pool.HikariPool - RecipeHikariPool - Thread starvation or clock leap detected (housekeeper delta=15m30s975ms).
2025-11-10 03:18:58.397 WARN  com.zaxxer.hikari.pool.HikariPool - RecipeHikariPool - Thread starvation or clock leap detected (housekeeper delta=15m31s60ms).
2025-11-10 03:34:29.438 WARN  com.zaxxer.hikari.pool.HikariPool - RecipeHikariPool - Thread starvation or clock leap detected (housekeeper delta=15m31s44ms).
2025-11-10 03:50:30.498 WARN  com.zaxxer.hikari.pool.HikariPool - RecipeHikariPool - Thread starvation or clock leap detected (housekeeper delta=15m31s44ms).
2025-11-10 04:05:08.001 WARN  com.zaxxer.hikari.pool.HikariPool - RecipeHikariPool - Thread starvation or clock leap detected (housekeeper delta=14m7s480ms).
2025-11-10 04:17:01.014 WARN  com.zaxxer.hikari.pool.HikariPool - RecipeHikariPool - Thread starvation or clock leap detected (housekeeper delta=11m53s18ms).
2025-11-10 04:33:01.933 WARN  com.zaxxer.hikari.pool.HikariPool - RecipeHikariPool - Thread starvation or clock leap detected (housekeeper delta=15m30s899ms).
2025-11-10 04:48:32.854 WARN  com.zaxxer.hikari.pool.HikariPool - RecipeHikariPool - Thread starvation or clock leap detected (housekeeper delta=15m30s922ms).
2025-11-10 05:04:33.754 WARN  com.zaxxer.hikari.pool.HikariPool - RecipeHikariPool - Thread starvation or clock leap detected (housekeeper delta=15m30s903ms).
2025-11-10 05:17:52.916 WARN  com.zaxxer.hikari.pool.HikariPool - RecipeHikariPool - Thread starvation or clock leap detected (housekeeper delta=13m19s162ms).
2025-11-10 05:33:53.918 WARN  com.zaxxer.hikari.pool.HikariPool - RecipeHikariPool - Thread starvation or clock leap detected (housekeeper delta=15m30s985ms).
2025-11-10 05:49:24.988 WARN  com.zaxxer.hikari.pool.HikariPool - RecipeHikariPool - Thread starvation or clock leap detected (housekeeper delta=15m31s69ms).
2025-11-10 06:05:50.505 WARN  com.zaxxer.hikari.pool.HikariPool - RecipeHikariPool - Thread starvation or clock leap detected (housekeeper delta=15m55s539ms).
2025-11-10 06:18:45.352 WARN  com.zaxxer.hikari.pool.HikariPool - RecipeHikariPool - Thread starvation or clock leap detected (housekeeper delta=12m54s823ms).
2025-11-10 06:35:10.417 WARN  com.zaxxer.hikari.pool.HikariPool - RecipeHikariPool - Thread starvation or clock leap detected (housekeeper delta=15m54s957ms).
2025-11-10 06:51:20.164 WARN  com.zaxxer.hikari.pool.HikariPool - RecipeHikariPool - Thread starvation or clock leap detected (housekeeper delta=15m39s719ms).
2025-11-10 07:07:15.145 WARN  com.zaxxer.hikari.pool.HikariPool - RecipeHikariPool - Thread starvation or clock leap detected (housekeeper delta=15m54s981ms).
2025-11-10 07:20:07.055 WARN  com.zaxxer.hikari.pool.HikariPool - RecipeHikariPool - Thread starvation or clock leap detected (housekeeper delta=12m21s878ms).
2025-11-10 07:36:02.786 WARN  com.zaxxer.hikari.pool.HikariPool - RecipeHikariPool - Thread starvation or clock leap detected (housekeeper delta=15m55s731ms).
2025-11-10 07:52:28.450 WARN  com.zaxxer.hikari.pool.HikariPool - RecipeHikariPool - Thread starvation or clock leap detected (housekeeper delta=15m55s674ms).
2025-11-10 08:08:24.180 WARN  com.zaxxer.hikari.pool.HikariPool - RecipeHikariPool - Thread starvation or clock leap detected (housekeeper delta=15m55s730ms).
2025-11-10 08:21:04.528 WARN  com.zaxxer.hikari.pool.HikariPool - RecipeHikariPool - Thread starvation or clock leap detected (housekeeper delta=12m10s346ms).
2025-11-10 08:37:00.264 WARN  com.zaxxer.hikari.pool.HikariPool - RecipeHikariPool - Thread starvation or clock leap detected (housekeeper delta=15m55s736ms).
2025-11-10 08:53:25.168 WARN  com.zaxxer.hikari.pool.HikariPool - RecipeHikariPool - Thread starvation or clock leap detected (housekeeper delta=15m54s951ms).
2025-11-10 09:09:45.100 WARN  com.zaxxer.hikari.pool.HikariPool - RecipeHikariPool - Thread starvation or clock leap detected (housekeeper delta=15m49s903ms).
2025-11-10 09:22:00.783 WARN  com.zaxxer.hikari.pool.HikariPool - RecipeHikariPool - Thread starvation or clock leap detected (housekeeper delta=12m15s684ms).
2025-11-10 09:38:26.499 WARN  com.zaxxer.hikari.pool.HikariPool - RecipeHikariPool - Thread starvation or clock leap detected (housekeeper delta=15m55s705ms).
2025-11-10 09:54:22.239 WARN  com.zaxxer.hikari.pool.HikariPool - RecipeHikariPool - Thread starvation or clock leap detected (housekeeper delta=15m55s739ms).
2025-11-10 10:10:48.020 WARN  com.zaxxer.hikari.pool.HikariPool - RecipeHikariPool - Thread starvation or clock leap detected (housekeeper delta=15m55s738ms).
2025-11-10 10:23:12.281 WARN  com.zaxxer.hikari.pool.HikariPool - RecipeHikariPool - Thread starvation or clock leap detected (housekeeper delta=11m24s216ms).
2025-11-10 10:26:58.318 WARN  com.zaxxer.hikari.pool.HikariPool - RecipeHikariPool - Thread starvation or clock leap detected (housekeeper delta=3m46s42ms).
2025-11-10 10:28:59.886 WARN  com.zaxxer.hikari.pool.HikariPool - RecipeHikariPool - Thread starvation or clock leap detected (housekeeper delta=1m31s552ms).
2025-11-10 10:44:55.476 WARN  com.zaxxer.hikari.pool.HikariPool - RecipeHikariPool - Thread starvation or clock leap detected (housekeeper delta=15m55s591ms).
2025-11-10 10:47:50.379 WARN  com.zaxxer.hikari.pool.HikariPool - RecipeHikariPool - Thread starvation or clock leap detected (housekeeper delta=2m24s908ms).
2025-11-10 11:04:17.735 WARN  com.zaxxer.hikari.pool.HikariPool - RecipeHikariPool - Thread starvation or clock leap detected (housekeeper delta=15m55s679ms).
2025-11-10 11:21:00.553 WARN  com.zaxxer.hikari.pool.HikariPool - RecipeHikariPool - Thread starvation or clock leap detected (housekeeper delta=15m39s312ms).
2025-11-10 11:22:48.550 WARN  com.zaxxer.hikari.pool.HikariPool - RecipeHikariPool - Thread starvation or clock leap detected (housekeeper delta=47s284ms).
2025-11-10 11:38:44.333 WARN  com.zaxxer.hikari.pool.HikariPool - RecipeHikariPool - Thread starvation or clock leap detected (housekeeper delta=15m55s784ms).
2025-11-10 11:55:09.285 WARN  com.zaxxer.hikari.pool.HikariPool - RecipeHikariPool - Thread starvation or clock leap detected (housekeeper delta=15m54s935ms).
2025-11-10 12:11:04.931 WARN  com.zaxxer.hikari.pool.HikariPool - RecipeHikariPool - Thread starvation or clock leap detected (housekeeper delta=15m55s652ms).
2025-11-10 12:21:30.034 WARN  com.zaxxer.hikari.pool.HikariPool - RecipeHikariPool - Thread starvation or clock leap detected (housekeeper delta=9m55s79ms).
2025-11-10 12:23:57.445 WARN  com.zaxxer.hikari.pool.HikariPool - RecipeHikariPool - Thread starvation or clock leap detected (housekeeper delta=2m27s409ms).
2025-11-10 12:28:20.654 WARN  com.zaxxer.hikari.pool.HikariPool - RecipeHikariPool - Thread starvation or clock leap detected (housekeeper delta=4m23s212ms).
2025-11-10 12:30:09.897 WARN  com.zaxxer.hikari.pool.HikariPool - RecipeHikariPool - Thread starvation or clock leap detected (housekeeper delta=1m19s225ms).
2025-11-10 12:35:40.928 WARN  com.zaxxer.hikari.pool.HikariPool - RecipeHikariPool - Thread starvation or clock leap detected (housekeeper delta=5m31s32ms).
2025-11-10 12:51:41.879 WARN  com.zaxxer.hikari.pool.HikariPool - RecipeHikariPool - Thread starvation or clock leap detected (housekeeper delta=15m30s942ms).
2025-11-10 13:07:42.832 WARN  com.zaxxer.hikari.pool.HikariPool - RecipeHikariPool - Thread starvation or clock leap detected (housekeeper delta=15m30s933ms).
2025-11-10 13:23:13.847 WARN  com.zaxxer.hikari.pool.HikariPool - RecipeHikariPool - Thread starvation or clock leap detected (housekeeper delta=15m31s17ms).
2025-11-10 13:39:17.324 WARN  com.zaxxer.hikari.pool.HikariPool - RecipeHikariPool - Thread starvation or clock leap detected (housekeeper delta=15m31s70ms).
2025-11-10 13:54:47.583 WARN  com.zaxxer.hikari.pool.HikariPool - RecipeHikariPool - Thread starvation or clock leap detected (housekeeper delta=15m30s262ms).
2025-11-10 13:57:24.789 WARN  com.zaxxer.hikari.pool.HikariPool - RecipeHikariPool - Thread starvation or clock leap detected (housekeeper delta=2m7s187ms).
2025-11-10 14:03:15.191 WARN  com.zaxxer.hikari.pool.HikariPool - RecipeHikariPool - Thread starvation or clock leap detected (housekeeper delta=5m50s404ms).
2025-11-10 14:19:16.217 WARN  com.zaxxer.hikari.pool.HikariPool - RecipeHikariPool - Thread starvation or clock leap detected (housekeeper delta=15m31s18ms).
2025-11-10 14:22:23.534 WARN  com.zaxxer.hikari.pool.HikariPool - RecipeHikariPool - Thread starvation or clock leap detected (housekeeper delta=3m7s317ms).
2025-11-10 14:25:07.699 WARN  com.zaxxer.hikari.pool.HikariPool - RecipeHikariPool - Thread starvation or clock leap detected (housekeeper delta=2m14s140ms).
2025-11-10 14:27:58.157 WARN  com.zaxxer.hikari.pool.HikariPool - RecipeHikariPool - Thread starvation or clock leap detected (housekeeper delta=1m45s237ms).
2025-11-10 14:29:02.909 WARN  com.zaxxer.hikari.pool.HikariPool - RecipeHikariPool - Thread starvation or clock leap detected (housekeeper delta=1m4s752ms).
2025-11-10 14:42:55.830 WARN  com.zaxxer.hikari.pool.HikariPool - RecipeHikariPool - Thread starvation or clock leap detected (housekeeper delta=13m52s921ms).
2025-11-10 15:17:24.859 WARN  com.zaxxer.hikari.pool.HikariPool - RecipeHikariPool - Thread starvation or clock leap detected (housekeeper delta=34m29s27ms).
2025-11-10 15:25:52.909 WARN  com.zaxxer.hikari.pool.HikariPool - RecipeHikariPool - Thread starvation or clock leap detected (housekeeper delta=7m58s41ms).
2025-11-10 15:52:07.904 WARN  com.zaxxer.hikari.pool.HikariPool - RecipeHikariPool - Thread starvation or clock leap detected (housekeeper delta=26m14s992ms).
2025-11-10 16:08:51.402 WARN  com.zaxxer.hikari.pool.HikariPool - RecipeHikariPool - Thread starvation or clock leap detected (housekeeper delta=15m30s32ms).
2025-11-10 16:24:52.438 WARN  com.zaxxer.hikari.pool.HikariPool - RecipeHikariPool - Thread starvation or clock leap detected (housekeeper delta=15m31s16ms).
2025-11-10 16:26:55.015 WARN  com.zaxxer.hikari.pool.HikariPool - RecipeHikariPool - Thread starvation or clock leap detected (housekeeper delta=2m2s577ms).
2025-11-10 16:42:56.047 WARN  com.zaxxer.hikari.pool.HikariPool - RecipeHikariPool - Thread starvation or clock leap detected (housekeeper delta=15m31s15ms).
2025-11-10 16:44:33.929 WARN  com.zaxxer.hikari.pool.HikariPool - RecipeHikariPool - Thread starvation or clock leap detected (housekeeper delta=1m37s883ms).
2025-11-10 17:02:10.973 WARN  com.zaxxer.hikari.pool.HikariPool - RecipeHikariPool - Thread starvation or clock leap detected (housekeeper delta=15m29s371ms).
2025-11-10 17:06:54.636 WARN  com.zaxxer.hikari.pool.HikariPool - RecipeHikariPool - Thread starvation or clock leap detected (housekeeper delta=4m13s646ms).
2025-11-10 17:11:23.178 WARN  com.zaxxer.hikari.pool.HikariPool - RecipeHikariPool - Thread starvation or clock leap detected (housekeeper delta=4m28s545ms).
2025-11-10 17:13:23.711 WARN  com.zaxxer.hikari.pool.HikariPool - RecipeHikariPool - Thread starvation or clock leap detected (housekeeper delta=1m30s520ms).
2025-11-10 17:15:45.721 WARN  com.zaxxer.hikari.pool.HikariPool - RecipeHikariPool - Thread starvation or clock leap detected (housekeeper delta=2m22s12ms).
2025-11-10 17:27:53.583 WARN  com.zaxxer.hikari.pool.HikariPool - RecipeHikariPool - Thread starvation or clock leap detected (housekeeper delta=12m7s861ms).
2025-11-10 17:43:54.523 WARN  com.zaxxer.hikari.pool.HikariPool - RecipeHikariPool - Thread starvation or clock leap detected (housekeeper delta=15m30s906ms).
2025-11-10 17:45:55.019 WARN  com.zaxxer.hikari.pool.HikariPool - RecipeHikariPool - Thread starvation or clock leap detected (housekeeper delta=1m30s507ms).
2025-11-10 17:59:13.086 WARN  com.zaxxer.hikari.pool.HikariPool - RecipeHikariPool - Thread starvation or clock leap detected (housekeeper delta=13m18s60ms).
2025-11-10 18:16:52.571 WARN  com.zaxxer.hikari.pool.HikariPool - RecipeHikariPool - Thread starvation or clock leap detected (housekeeper delta=17m39s489ms).
2025-11-10 18:29:19.279 WARN  com.zaxxer.hikari.pool.HikariPool - RecipeHikariPool - Thread starvation or clock leap detected (housekeeper delta=12m26s713ms).
2025-11-10 18:41:50.295 WARN  com.zaxxer.hikari.pool.HikariPool - RecipeHikariPool - Thread starvation or clock leap detected (housekeeper delta=12m31s20ms).
2025-11-10 19:09:29.036 WARN  com.zaxxer.hikari.pool.HikariPool - RecipeHikariPool - Thread starvation or clock leap detected (housekeeper delta=27m8s728ms).
2025-11-10 19:26:02.561 WARN  com.zaxxer.hikari.pool.HikariPool - RecipeHikariPool - Thread starvation or clock leap detected (housekeeper delta=15m31s40ms).
2025-11-10 19:30:18.128 WARN  com.zaxxer.hikari.pool.HikariPool - RecipeHikariPool - Thread starvation or clock leap detected (housekeeper delta=3m45s527ms).
2025-11-10 19:36:51.907 WARN  com.zaxxer.hikari.pool.HikariPool - RecipeHikariPool - Thread starvation or clock leap detected (housekeeper delta=6m3s131ms).
2025-11-10 19:47:57.292 WARN  com.zaxxer.hikari.pool.HikariPool - RecipeHikariPool - Thread starvation or clock leap detected (housekeeper delta=10m35s197ms).
2025-11-10 20:12:25.189 WARN  com.zaxxer.hikari.pool.HikariPool - RecipeHikariPool - Thread starvation or clock leap detected (housekeeper delta=1m27s307ms).
2025-11-10 20:20:23.719 WARN  com.zaxxer.hikari.pool.HikariPool - RecipeHikariPool - Thread starvation or clock leap detected (housekeeper delta=7m28s474ms).
2025-11-10 20:20:37.921 INFO  c.r.r.controller.RecipeController - Entered loadRecipes controller
2025-11-10 20:20:37.969 INFO  c.r.r.service.RecipeService - Starting to load recipes from external API
2025-11-10 20:20:38.054 INFO  c.r.r.service.RecipeService - Recipes already loaded, skipping
2025-11-10 20:20:38.128 INFO  c.r.r.controller.RecipeController - Entered getAllRecipes controller
2025-11-10 20:20:38.129 INFO  c.r.r.service.RecipeService - Finding all recipes
2025-11-10 20:36:24.778 WARN  com.zaxxer.hikari.pool.HikariPool - RecipeHikariPool - Thread starvation or clock leap detected (housekeeper delta=15m31s42ms).
2025-11-10 20:52:25.772 WARN  com.zaxxer.hikari.pool.HikariPool - RecipeHikariPool - Thread starvation or clock leap detected (housekeeper delta=15m30s964ms).
2025-11-10 21:07:56.647 WARN  com.zaxxer.hikari.pool.HikariPool - RecipeHikariPool - Thread starvation or clock leap detected (housekeeper delta=15m30s864ms).
2025-11-10 21:14:26.530 WARN  com.zaxxer.hikari.pool.HikariPool - RecipeHikariPool - Thread starvation or clock leap detected (housekeeper delta=5m59s837ms).
2025-11-10 21:36:35.722 WARN  com.zaxxer.hikari.pool.HikariPool - RecipeHikariPool - Thread starvation or clock leap detected (housekeeper delta=1m38s998ms).
2025-11-10 23:08:37.685 WARN  com.zaxxer.hikari.pool.HikariPool - RecipeHikariPool - Thread starvation or clock leap detected (housekeeper delta=15m30s819ms).
2025-11-10 23:24:08.856 WARN  com.zaxxer.hikari.pool.HikariPool - RecipeHikariPool - Thread starvation or clock leap detected (housekeeper delta=15m31s176ms).
2025-11-10 23:40:09.977 WARN  com.zaxxer.hikari.pool.HikariPool - RecipeHikariPool - Thread starvation or clock leap detected (housekeeper delta=15m31s27ms).
2025-11-10 23:56:10.875 WARN  com.zaxxer.hikari.pool.HikariPool - RecipeHikariPool - Thread starvation or clock leap detected (housekeeper delta=15m30s897ms).
